<?xml version="1.0" encoding="UTF-8"?>
<!-- Generated by org.testng.reporters.JUnitXMLReporter -->
<testsuite ignored="0" hostname="DESKTOP-Q73IH09" failures="0" tests="4" name="Test" time="0.099" errors="0" timestamp="2019-10-31T11:47:13 CET">
  <testcase classname="qaclickacademy.AppiumTest" name="IOSApps" time="0.026"/>
  <testcase classname="qaclickacademy.AppiumTest" name="NativeAppAndorid" time="0.0"/>
  <testcase classname="qaclickacademy.SeleniumTest" name="BrowserAutomation" time="0.0"/>
  <testcase classname="qaclickacademy.SeleniumTest" name="elementsUi" time="0.0"/>
</testsuite> <!-- Test -->
