<?xml version="1.0" encoding="UTF-8"?>
<testng-results ignored="0" total="4" passed="4" failed="0" skipped="0">
  <reporter-output>
  </reporter-output>
  <suite started-at="2019-10-31T11:47:13 CET" name="Suite" finished-at="2019-10-31T11:47:13 CET" duration-ms="99">
    <groups>
    </groups>
    <test started-at="2019-10-31T11:47:13 CET" name="Test" finished-at="2019-10-31T11:47:13 CET" duration-ms="99">
      <class name="qaclickacademy.AppiumTest">
        <test-method signature="IOSApps()[pri:0, instance:qaclickacademy.AppiumTest@15761df8]" started-at="2019-10-31T11:47:13 CET" name="IOSApps" finished-at="2019-10-31T11:47:13 CET" duration-ms="26" status="PASS">
          <reporter-output>
          </reporter-output>
        </test-method> <!-- IOSApps -->
        <test-method signature="NativeAppAndorid()[pri:0, instance:qaclickacademy.AppiumTest@15761df8]" started-at="2019-10-31T11:47:13 CET" name="NativeAppAndorid" finished-at="2019-10-31T11:47:13 CET" duration-ms="0" status="PASS">
          <reporter-output>
          </reporter-output>
        </test-method> <!-- NativeAppAndorid -->
      </class> <!-- qaclickacademy.AppiumTest -->
      <class name="qaclickacademy.SeleniumTest">
        <test-method signature="BrowserAutomation()[pri:0, instance:qaclickacademy.SeleniumTest@6ab7a896]" started-at="2019-10-31T11:47:13 CET" name="BrowserAutomation" finished-at="2019-10-31T11:47:13 CET" duration-ms="0" status="PASS">
          <reporter-output>
          </reporter-output>
        </test-method> <!-- BrowserAutomation -->
        <test-method signature="elementsUi()[pri:0, instance:qaclickacademy.SeleniumTest@6ab7a896]" started-at="2019-10-31T11:47:13 CET" name="elementsUi" finished-at="2019-10-31T11:47:13 CET" duration-ms="0" status="PASS">
          <reporter-output>
          </reporter-output>
        </test-method> <!-- elementsUi -->
      </class> <!-- qaclickacademy.SeleniumTest -->
    </test> <!-- Test -->
  </suite> <!-- Suite -->
</testng-results>
